<?xml version="1.0" encoding="UTF-8"?>
<testng-results skipped="0" failed="0" ignored="0" total="4" passed="4">
  <reporter-output>
  </reporter-output>
  <suite name="Suite" duration-ms="58440" started-at="2020-03-13T06:52:49Z" finished-at="2020-03-13T06:53:47Z">
    <groups>
    </groups>
    <test name="Test" duration-ms="58440" started-at="2020-03-13T06:52:49Z" finished-at="2020-03-13T06:53:47Z">
      <class name="tests.Registrationtest">
        <test-method status="PASS" signature="setup(java.lang.String)[pri:0, instance:tests.Registrationtest@34a3d150]" name="setup" is-config="true" duration-ms="14725" started-at="2020-03-13T06:52:49Z" finished-at="2020-03-13T06:53:04Z">
          <params>
            <param index="0">
              <value>
                <![CDATA[Chrome]]>
              </value>
            </param>
          </params>
          <reporter-output>
          </reporter-output>
        </test-method> <!-- setup -->
        <test-method status="PASS" signature="SandBox()[pri:0, instance:tests.Registrationtest@34a3d150]" name="SandBox" duration-ms="7028" started-at="2020-03-13T06:53:04Z" finished-at="2020-03-13T06:53:11Z">
          <reporter-output>
          </reporter-output>
        </test-method> <!-- SandBox -->
        <test-method status="PASS" signature="Register_ValidUserValidPass()[pri:1, instance:tests.Registrationtest@34a3d150]" name="Register_ValidUserValidPass" duration-ms="7053" started-at="2020-03-13T06:53:11Z" finished-at="2020-03-13T06:53:18Z">
          <reporter-output>
          </reporter-output>
        </test-method> <!-- Register_ValidUserValidPass -->
        <test-method status="PASS" signature="SetPassword()[pri:1, instance:tests.Registrationtest@34a3d150]" name="SetPassword" duration-ms="23183" started-at="2020-03-13T06:53:18Z" finished-at="2020-03-13T06:53:41Z">
          <reporter-output>
          </reporter-output>
        </test-method> <!-- SetPassword -->
        <test-method status="PASS" signature="login_ValidUserValidPass()[pri:1, instance:tests.Registrationtest@34a3d150]" name="login_ValidUserValidPass" duration-ms="6258" started-at="2020-03-13T06:53:41Z" finished-at="2020-03-13T06:53:47Z">
          <reporter-output>
          </reporter-output>
        </test-method> <!-- login_ValidUserValidPass -->
        <test-method status="PASS" signature="endtest()[pri:0, instance:tests.Registrationtest@34a3d150]" name="endtest" is-config="true" duration-ms="123" started-at="2020-03-13T06:53:47Z" finished-at="2020-03-13T06:53:47Z">
          <reporter-output>
          </reporter-output>
        </test-method> <!-- endtest -->
      </class> <!-- tests.Registrationtest -->
    </test> <!-- Test -->
  </suite> <!-- Suite -->
</testng-results>
